#
# A fatal error has been detected by the Java Runtime Environment:
#
#  EXCEPTION_ACCESS_VIOLATION (0xc0000005) at pc=0x00007ff9a78c59cd, pid=43828, tid=47360
#
# JRE version: Java(TM) SE Runtime Environment (14.0+36) (build 14+36-1461)
# Java VM: Java HotSpot(TM) 64-Bit Server VM (14+36-1461, mixed mode, sharing, tiered, compressed oops, g1 gc, windows-amd64)
# Problematic frame:
# C  0x00007ff9a78c59cd
#
# No core dump will be written. Minidumps are not enabled by default on client versions of Windows
#
# If you would like to submit a bug report, please visit:
#   https://bugreport.java.com/bugreport/crash.jsp
# The crash happened outside the Java Virtual Machine in native code.
# See problematic frame for where to report the bug.
#

---------------  S U M M A R Y ------------

Command Line: -Dfile.encoding=UTF-8 --module-path=D:\Projektordner Netbeans,Cisco, ect\Netbeans\Pokemom\build\classes pokemon.Launcher

Host: Intel(R) Core(TM) i7-9700K CPU @ 3.60GHz, 8 cores, 31G,  Windows 10 , 64 bit Build 19041 (10.0.19041.804)
Time: Mon Apr 12 14:51:06 2021 Mitteleuropäische Sommerzeit elapsed time: 249 seconds (0d 0h 4m 9s)

---------------  T H R E A D  ---------------

Current thread (0x000002267fe5f000):  JavaThread "Thread-0" [_thread_in_native, id=47360, stack(0x000000ccf6f00000,0x000000ccf7000000)]

Stack: [0x000000ccf6f00000,0x000000ccf7000000],  sp=0x000000ccf6ffeb20,  free space=1018k
Native frames: (J=compiled Java code, j=interpreted, Vv=VM code, C=native code)
C  0x00007ff9a78c59cd

Java frames: (J=compiled Java code, j=interpreted, Vv=VM code)
j  sun.java2d.d3d.D3DSurfaceData.initOps(III)V+0 java.desktop@14
j  sun.java2d.d3d.D3DSurfaceData.<init>(Lsun/awt/windows/WComponentPeer;Lsun/java2d/d3d/D3DGraphicsConfig;IILjava/awt/Image;Ljava/awt/image/ColorModel;IILsun/java2d/pipe/hw/ExtendedBufferCapabilities$VSyncType;I)V+212 java.desktop@14
j  sun.java2d.d3d.D3DSurfaceData.createData(Lsun/awt/windows/WComponentPeer;Ljava/awt/Image;)Lsun/java2d/d3d/D3DSurfaceData;+117 java.desktop@14
j  sun.java2d.d3d.D3DVolatileSurfaceManager.initAcceleratedSurface()Lsun/java2d/SurfaceData;+68 java.desktop@14
j  sun.java2d.d3d.D3DVolatileSurfaceManager.restoreAcceleratedSurface()V+49 java.desktop@14
j  sun.awt.image.VolatileSurfaceManager.validate(Ljava/awt/GraphicsConfiguration;)I+94 java.desktop@14
j  sun.awt.image.SunVolatileImage.validate(Ljava/awt/GraphicsConfiguration;)I+5 java.desktop@14
j  java.awt.Component$FlipBufferStrategy.revalidate()V+85 java.desktop@14
j  java.awt.Component$FlipBufferStrategy.getDrawGraphics()Ljava/awt/Graphics;+1 java.desktop@14
J 1292 c2 pokemon.Game.render()V (92 bytes) @ 0x0000022607b72db0 [0x0000022607b72d00+0x00000000000000b0]
J 779% c2 pokemon.Game.run()V (79 bytes) @ 0x0000022607b08cf0 [0x0000022607b08c00+0x00000000000000f0]
j  java.lang.Thread.run()V+11 java.base@14
v  ~StubRoutines::call_stub

siginfo: EXCEPTION_ACCESS_VIOLATION (0xc0000005), data execution prevention violation at address 0x00007ff9a78c59cd


Register to memory mapping:

RIP=0x00007ff9a78c59cd is an unknown value
RAX=0x0 is NULL
RBX=0x0000022621a04700 points into unknown readable memory: 10 3f a0 a7 f9 7f 00 00
RCX=0x00007ff9aea61984 win32u.dll
RDX=0x0 is NULL
RSP=0x000000ccf6ffeb20 is pointing into the stack for thread: 0x000002267fe5f000
RBP=0x0000000000010034 is an unknown value
RSI=0x0 is NULL
RDI=0x0 is NULL
R8 =0x000000ccf6ffeb18 is pointing into the stack for thread: 0x000002267fe5f000
R9 =0x0000000000010034 is an unknown value
R10=0x0 is NULL
R11=0x0000000000000246 is an unknown value
R12=0x0 is NULL
R13={method} {0x0000022621341678} 'initOps' '(III)V' in 'sun/java2d/d3d/D3DSurfaceData'
R14=0x000000ccf6ffec90 is pointing into the stack for thread: 0x000002267fe5f000
R15=0x000002267fe5f000 is a thread


Registers:
RAX=0x0000000000000000, RBX=0x0000022621a04700, RCX=0x00007ff9aea61984, RDX=0x0000000000000000
RSP=0x000000ccf6ffeb20, RBP=0x0000000000010034, RSI=0x0000000000000000, RDI=0x0000000000000000
R8 =0x000000ccf6ffeb18, R9 =0x0000000000010034, R10=0x0000000000000000, R11=0x0000000000000246
R12=0x0000000000000000, R13=0x0000022621341670, R14=0x000000ccf6ffec90, R15=0x000002267fe5f000
RIP=0x00007ff9a78c59cd, EFLAGS=0x0000000000010246

Top of Stack: (sp=0x000000ccf6ffeb20)
0x000000ccf6ffeb20:   0000022621a04700 0000000000000000
0x000000ccf6ffeb30:   00000226219dddb0 0000000000000500
0x000000ccf6ffeb40:   0000022621a04758 0000000000010034
0x000000ccf6ffeb50:   0000022621a04708 0000022600000000
0x000000ccf6ffeb60:   0000000000000002 00007ff95beef0ce
0x000000ccf6ffeb70:   0000000000000000 000002267fd89c80
0x000000ccf6ffeb80:   000000ccf6ffec90 000002267fe5f310
0x000000ccf6ffeb90:   0000000000000001 00007ff95bef3a14
0x000000ccf6ffeba0:   000002262a176ce0 0000000000000000
0x000000ccf6ffebb0:   0000000000000500 000002262113245f
0x000000ccf6ffebc0:   0000000000000158 000002260000f417
0x000000ccf6ffebd0:   0000022621341670 000000ccf6ffec58
0x000000ccf6ffebe0:   0000000000000000 0000000000000000
0x000000ccf6ffebf0:   000000cc000002d0 000000ccf6ffec70
0x000000ccf6ffec00:   000002260000a1b3 000000061ea19050
0x000000ccf6ffec10:   000000ccf6ffec10 0000000000000000 

Instructions: (pc=0x00007ff9a78c59cd)
0x00007ff9a78c58cd:   ?? ?? ?? ?? ?? ?? ?? ?? ?? ?? ?? ?? ?? ?? ?? ??
0x00007ff9a78c58dd:   ?? ?? ?? ?? ?? ?? ?? ?? ?? ?? ?? ?? ?? ?? ?? ??
0x00007ff9a78c58ed:   ?? ?? ?? ?? ?? ?? ?? ?? ?? ?? ?? ?? ?? ?? ?? ??
0x00007ff9a78c58fd:   ?? ?? ?? ?? ?? ?? ?? ?? ?? ?? ?? ?? ?? ?? ?? ??
0x00007ff9a78c590d:   ?? ?? ?? ?? ?? ?? ?? ?? ?? ?? ?? ?? ?? ?? ?? ??
0x00007ff9a78c591d:   ?? ?? ?? ?? ?? ?? ?? ?? ?? ?? ?? ?? ?? ?? ?? ??
0x00007ff9a78c592d:   ?? ?? ?? ?? ?? ?? ?? ?? ?? ?? ?? ?? ?? ?? ?? ??
0x00007ff9a78c593d:   ?? ?? ?? ?? ?? ?? ?? ?? ?? ?? ?? ?? ?? ?? ?? ??
0x00007ff9a78c594d:   ?? ?? ?? ?? ?? ?? ?? ?? ?? ?? ?? ?? ?? ?? ?? ??
0x00007ff9a78c595d:   ?? ?? ?? ?? ?? ?? ?? ?? ?? ?? ?? ?? ?? ?? ?? ??
0x00007ff9a78c596d:   ?? ?? ?? ?? ?? ?? ?? ?? ?? ?? ?? ?? ?? ?? ?? ??
0x00007ff9a78c597d:   ?? ?? ?? ?? ?? ?? ?? ?? ?? ?? ?? ?? ?? ?? ?? ??
0x00007ff9a78c598d:   ?? ?? ?? ?? ?? ?? ?? ?? ?? ?? ?? ?? ?? ?? ?? ??
0x00007ff9a78c599d:   ?? ?? ?? ?? ?? ?? ?? ?? ?? ?? ?? ?? ?? ?? ?? ??
0x00007ff9a78c59ad:   ?? ?? ?? ?? ?? ?? ?? ?? ?? ?? ?? ?? ?? ?? ?? ??
0x00007ff9a78c59bd:   ?? ?? ?? ?? ?? ?? ?? ?? ?? ?? ?? ?? ?? ?? ?? ??
0x00007ff9a78c59cd:   ?? ?? ?? ?? ?? ?? ?? ?? ?? ?? ?? ?? ?? ?? ?? ??
0x00007ff9a78c59dd:   ?? ?? ?? ?? ?? ?? ?? ?? ?? ?? ?? ?? ?? ?? ?? ??
0x00007ff9a78c59ed:   ?? ?? ?? ?? ?? ?? ?? ?? ?? ?? ?? ?? ?? ?? ?? ??
0x00007ff9a78c59fd:   ?? ?? ?? ?? ?? ?? ?? ?? ?? ?? ?? ?? ?? ?? ?? ??
0x00007ff9a78c5a0d:   ?? ?? ?? ?? ?? ?? ?? ?? ?? ?? ?? ?? ?? ?? ?? ??
0x00007ff9a78c5a1d:   ?? ?? ?? ?? ?? ?? ?? ?? ?? ?? ?? ?? ?? ?? ?? ??
0x00007ff9a78c5a2d:   ?? ?? ?? ?? ?? ?? ?? ?? ?? ?? ?? ?? ?? ?? ?? ??
0x00007ff9a78c5a3d:   ?? ?? ?? ?? ?? ?? ?? ?? ?? ?? ?? ?? ?? ?? ?? ??
0x00007ff9a78c5a4d:   ?? ?? ?? ?? ?? ?? ?? ?? ?? ?? ?? ?? ?? ?? ?? ??
0x00007ff9a78c5a5d:   ?? ?? ?? ?? ?? ?? ?? ?? ?? ?? ?? ?? ?? ?? ?? ??
0x00007ff9a78c5a6d:   ?? ?? ?? ?? ?? ?? ?? ?? ?? ?? ?? ?? ?? ?? ?? ??
0x00007ff9a78c5a7d:   ?? ?? ?? ?? ?? ?? ?? ?? ?? ?? ?? ?? ?? ?? ?? ??
0x00007ff9a78c5a8d:   ?? ?? ?? ?? ?? ?? ?? ?? ?? ?? ?? ?? ?? ?? ?? ??
0x00007ff9a78c5a9d:   ?? ?? ?? ?? ?? ?? ?? ?? ?? ?? ?? ?? ?? ?? ?? ??
0x00007ff9a78c5aad:   ?? ?? ?? ?? ?? ?? ?? ?? ?? ?? ?? ?? ?? ?? ?? ??
0x00007ff9a78c5abd:   ?? ?? ?? ?? ?? ?? ?? ?? ?? ?? ?? ?? ?? ?? ?? ?? 


Stack slot to memory mapping:
stack at sp + 0 slots: 0x0000022621a04700 points into unknown readable memory: 10 3f a0 a7 f9 7f 00 00
stack at sp + 1 slots: 0x0 is NULL
stack at sp + 2 slots: 0x00000226219dddb0 points into unknown readable memory: f0 e0 9d 21 26 02 00 00
stack at sp + 3 slots: 0x0000000000000500 is an unknown value
stack at sp + 4 slots: 0x0000022621a04758 points into unknown readable memory: 5c 5c 2e 5c 44 49 53 50
stack at sp + 5 slots: 0x0000000000010034 is an unknown value
stack at sp + 6 slots: 0x0000022621a04708 points into unknown readable memory: 00 00 00 00 00 00 00 00
stack at sp + 7 slots: 0x0000022600000000 points into unknown readable memory: 06 00 00 00 00 00 00 00


---------------  P R O C E S S  ---------------

Threads class SMR info:
_java_thread_list=0x000002262a1a1d20, length=16, elements={
0x000002267fbb1800, 0x000002267f62d800, 0x000002267fbc5800, 0x000002267fbc8800,
0x000002267fbc9800, 0x000002267fbcd000, 0x000002267fbd9800, 0x000002267fbde800,
0x000002267fcf7800, 0x000002267fd85000, 0x000002267fe5f000, 0x0000022673400800,
0x00000226219ee800, 0x00000226219ef800, 0x000002262a0b5800, 0x000002262a110000
}

Java Threads: ( => current thread )
  0x000002267fbb1800 JavaThread "Reference Handler" daemon [_thread_blocked, id=44980, stack(0x000000ccf6400000,0x000000ccf6500000)]
  0x000002267f62d800 JavaThread "Finalizer" daemon [_thread_blocked, id=14040, stack(0x000000ccf6500000,0x000000ccf6600000)]
  0x000002267fbc5800 JavaThread "Signal Dispatcher" daemon [_thread_blocked, id=32188, stack(0x000000ccf6600000,0x000000ccf6700000)]
  0x000002267fbc8800 JavaThread "Attach Listener" daemon [_thread_blocked, id=25352, stack(0x000000ccf6700000,0x000000ccf6800000)]
  0x000002267fbc9800 JavaThread "Service Thread" daemon [_thread_blocked, id=27752, stack(0x000000ccf6800000,0x000000ccf6900000)]
  0x000002267fbcd000 JavaThread "C2 CompilerThread0" daemon [_thread_blocked, id=40204, stack(0x000000ccf6900000,0x000000ccf6a00000)]
  0x000002267fbd9800 JavaThread "C1 CompilerThread0" daemon [_thread_blocked, id=44588, stack(0x000000ccf6a00000,0x000000ccf6b00000)]
  0x000002267fbde800 JavaThread "Sweeper thread" daemon [_thread_blocked, id=37596, stack(0x000000ccf6b00000,0x000000ccf6c00000)]
  0x000002267fcf7800 JavaThread "Common-Cleaner" daemon [_thread_blocked, id=34708, stack(0x000000ccf6c00000,0x000000ccf6d00000)]
  0x000002267fd85000 JavaThread "Notification Thread" daemon [_thread_blocked, id=30580, stack(0x000000ccf6d00000,0x000000ccf6e00000)]
=>0x000002267fe5f000 JavaThread "Thread-0" [_thread_in_native, id=47360, stack(0x000000ccf6f00000,0x000000ccf7000000)]
  0x0000022673400800 JavaThread "DestroyJavaVM" [_thread_blocked, id=45600, stack(0x000000ccf5d00000,0x000000ccf5e00000)]
  0x00000226219ee800 JavaThread "Java2D Disposer" daemon [_thread_blocked, id=47808, stack(0x000000ccf7000000,0x000000ccf7100000)]
  0x00000226219ef800 JavaThread "AWT-Shutdown" [_thread_blocked, id=33024, stack(0x000000ccf7100000,0x000000ccf7200000)]
  0x000002262a0b5800 JavaThread "AWT-EventQueue-0" [_thread_blocked, id=48152, stack(0x000000ccf7510000,0x000000ccf7610000)]
  0x000002262a110000 JavaThread "ToolkitShutdown" daemon [_thread_in_native, id=32016, stack(0x000000ccf5b00000,0x000000ccf5c00000)]

Other Threads:
  0x000002267f62c800 VMThread "VM Thread" [stack: 0x000000ccf6300000,0x000000ccf6400000] [id=39112]
  0x000002267fd8e800 WatcherThread [stack: 0x000000ccf6e00000,0x000000ccf6f00000] [id=38084]
  0x0000022673484000 GCTaskThread "GC Thread#0" [stack: 0x000000ccf5e00000,0x000000ccf5f00000] [id=44684]
  0x0000022621eba000 GCTaskThread "GC Thread#1" [stack: 0x000000ccf77a0000,0x000000ccf78a0000] [id=48336]
  0x000002262a266800 GCTaskThread "GC Thread#2" [stack: 0x000000ccf78a0000,0x000000ccf79a0000] [id=39440]
  0x000002262a267800 GCTaskThread "GC Thread#3" [stack: 0x000000ccf79a0000,0x000000ccf7aa0000] [id=47908]
  0x000002262a243000 GCTaskThread "GC Thread#4" [stack: 0x000000ccf7aa0000,0x000000ccf7ba0000] [id=29296]
  0x000002262a244000 GCTaskThread "GC Thread#5" [stack: 0x000000ccf7ba0000,0x000000ccf7ca0000] [id=45132]
  0x000002262a1b3800 GCTaskThread "GC Thread#6" [stack: 0x000000ccf7ca0000,0x000000ccf7da0000] [id=19112]
  0x000002262a1b4000 GCTaskThread "GC Thread#7" [stack: 0x000000ccf7da0000,0x000000ccf7ea0000] [id=40636]
  0x00000226734a5800 ConcurrentGCThread "G1 Main Marker" [stack: 0x000000ccf5f00000,0x000000ccf6000000] [id=47172]
  0x00000226734a6800 ConcurrentGCThread "G1 Conc#0" [stack: 0x000000ccf6000000,0x000000ccf6100000] [id=43452]
  0x000002267f5d9800 ConcurrentGCThread "G1 Refine#0" [stack: 0x000000ccf6100000,0x000000ccf6200000] [id=41500]
  0x000002267f5da800 ConcurrentGCThread "G1 Young RemSet Sampling" [stack: 0x000000ccf6200000,0x000000ccf6300000] [id=47888]

Threads with active compile tasks:

VM state:not at safepoint (normal execution)

VM Mutex/Monitor currently owned by a thread: None

Heap address: 0x0000000601000000, size: 8176 MB, Compressed Oops mode: Zero based, Oop shift amount: 3
Narrow klass base: 0x0000000800000000, Narrow klass shift: 3
Compressed class space size: 1073741824 Address: 0x0000000800b30000

Heap:
 garbage-first heap   total 524288K, used 114678K [0x0000000601000000, 0x0000000800000000)
  region size 2048K, 57 young (116736K), 1 survivors (2048K)
 Metaspace       used 8163K, capacity 8441K, committed 8576K, reserved 1056768K
  class space    used 892K, capacity 1035K, committed 1152K, reserved 1048576K
Heap Regions: E=young(eden), S=young(survivor), O=old, HS=humongous(starts), HC=humongous(continues), CS=collection set, F=free, OA=open archive, CA=closed archive, TAMS=top-at-mark-start (previous, next)
|   0|0x0000000601000000, 0x0000000601000000, 0x0000000601200000|  0%| F|  |TAMS 0x0000000601000000, 0x0000000601000000| Untracked 
|   1|0x0000000601200000, 0x0000000601200000, 0x0000000601400000|  0%| F|  |TAMS 0x0000000601200000, 0x0000000601200000| Untracked 
|   2|0x0000000601400000, 0x0000000601400000, 0x0000000601600000|  0%| F|  |TAMS 0x0000000601400000, 0x0000000601400000| Untracked 
|   3|0x0000000601600000, 0x0000000601600000, 0x0000000601800000|  0%| F|  |TAMS 0x0000000601600000, 0x0000000601600000| Untracked 
|   4|0x0000000601800000, 0x0000000601800000, 0x0000000601a00000|  0%| F|  |TAMS 0x0000000601800000, 0x0000000601800000| Untracked 
|   5|0x0000000601a00000, 0x0000000601a00000, 0x0000000601c00000|  0%| F|  |TAMS 0x0000000601a00000, 0x0000000601a00000| Untracked 
|   6|0x0000000601c00000, 0x0000000601c00000, 0x0000000601e00000|  0%| F|  |TAMS 0x0000000601c00000, 0x0000000601c00000| Untracked 
|   7|0x0000000601e00000, 0x0000000601e00000, 0x0000000602000000|  0%| F|  |TAMS 0x0000000601e00000, 0x0000000601e00000| Untracked 
|   8|0x0000000602000000, 0x0000000602000000, 0x0000000602200000|  0%| F|  |TAMS 0x0000000602000000, 0x0000000602000000| Untracked 
|   9|0x0000000602200000, 0x0000000602200000, 0x0000000602400000|  0%| F|  |TAMS 0x0000000602200000, 0x0000000602200000| Untracked 
|  10|0x0000000602400000, 0x0000000602400000, 0x0000000602600000|  0%| F|  |TAMS 0x0000000602400000, 0x0000000602400000| Untracked 
|  11|0x0000000602600000, 0x0000000602600000, 0x0000000602800000|  0%| F|  |TAMS 0x0000000602600000, 0x0000000602600000| Untracked 
|  12|0x0000000602800000, 0x0000000602800000, 0x0000000602a00000|  0%| F|  |TAMS 0x0000000602800000, 0x0000000602800000| Untracked 
|  13|0x0000000602a00000, 0x0000000602a00000, 0x0000000602c00000|  0%| F|  |TAMS 0x0000000602a00000, 0x0000000602a00000| Untracked 
|  14|0x0000000602c00000, 0x0000000602c00000, 0x0000000602e00000|  0%| F|  |TAMS 0x0000000602c00000, 0x0000000602c00000| Untracked 
|  15|0x0000000602e00000, 0x0000000602e00000, 0x0000000603000000|  0%| F|  |TAMS 0x0000000602e00000, 0x0000000602e00000| Untracked 
|  16|0x0000000603000000, 0x0000000603000000, 0x0000000603200000|  0%| F|  |TAMS 0x0000000603000000, 0x0000000603000000| Untracked 
|  17|0x0000000603200000, 0x0000000603200000, 0x0000000603400000|  0%| F|  |TAMS 0x0000000603200000, 0x0000000603200000| Untracked 
|  18|0x0000000603400000, 0x0000000603400000, 0x0000000603600000|  0%| F|  |TAMS 0x0000000603400000, 0x0000000603400000| Untracked 
|  19|0x0000000603600000, 0x0000000603600000, 0x0000000603800000|  0%| F|  |TAMS 0x0000000603600000, 0x0000000603600000| Untracked 
|  20|0x0000000603800000, 0x0000000603800000, 0x0000000603a00000|  0%| F|  |TAMS 0x0000000603800000, 0x0000000603800000| Untracked 
|  21|0x0000000603a00000, 0x0000000603a00000, 0x0000000603c00000|  0%| F|  |TAMS 0x0000000603a00000, 0x0000000603a00000| Untracked 
|  22|0x0000000603c00000, 0x0000000603c00000, 0x0000000603e00000|  0%| F|  |TAMS 0x0000000603c00000, 0x0000000603c00000| Untracked 
|  23|0x0000000603e00000, 0x0000000603e00000, 0x0000000604000000|  0%| F|  |TAMS 0x0000000603e00000, 0x0000000603e00000| Untracked 
|  24|0x0000000604000000, 0x0000000604000000, 0x0000000604200000|  0%| F|  |TAMS 0x0000000604000000, 0x0000000604000000| Untracked 
|  25|0x0000000604200000, 0x0000000604200000, 0x0000000604400000|  0%| F|  |TAMS 0x0000000604200000, 0x0000000604200000| Untracked 
|  26|0x0000000604400000, 0x0000000604400000, 0x0000000604600000|  0%| F|  |TAMS 0x0000000604400000, 0x0000000604400000| Untracked 
|  27|0x0000000604600000, 0x0000000604600000, 0x0000000604800000|  0%| F|  |TAMS 0x0000000604600000, 0x0000000604600000| Untracked 
|  28|0x0000000604800000, 0x0000000604800000, 0x0000000604a00000|  0%| F|  |TAMS 0x0000000604800000, 0x0000000604800000| Untracked 
|  29|0x0000000604a00000, 0x0000000604a00000, 0x0000000604c00000|  0%| F|  |TAMS 0x0000000604a00000, 0x0000000604a00000| Untracked 
|  30|0x0000000604c00000, 0x0000000604c00000, 0x0000000604e00000|  0%| F|  |TAMS 0x0000000604c00000, 0x0000000604c00000| Untracked 
|  31|0x0000000604e00000, 0x0000000604e00000, 0x0000000605000000|  0%| F|  |TAMS 0x0000000604e00000, 0x0000000604e00000| Untracked 
|  32|0x0000000605000000, 0x0000000605000000, 0x0000000605200000|  0%| F|  |TAMS 0x0000000605000000, 0x0000000605000000| Untracked 
|  33|0x0000000605200000, 0x0000000605200000, 0x0000000605400000|  0%| F|  |TAMS 0x0000000605200000, 0x0000000605200000| Untracked 
|  34|0x0000000605400000, 0x0000000605400000, 0x0000000605600000|  0%| F|  |TAMS 0x0000000605400000, 0x0000000605400000| Untracked 
|  35|0x0000000605600000, 0x0000000605600000, 0x0000000605800000|  0%| F|  |TAMS 0x0000000605600000, 0x0000000605600000| Untracked 
|  36|0x0000000605800000, 0x0000000605800000, 0x0000000605a00000|  0%| F|  |TAMS 0x0000000605800000, 0x0000000605800000| Untracked 
|  37|0x0000000605a00000, 0x0000000605a00000, 0x0000000605c00000|  0%| F|  |TAMS 0x0000000605a00000, 0x0000000605a00000| Untracked 
|  38|0x0000000605c00000, 0x0000000605c00000, 0x0000000605e00000|  0%| F|  |TAMS 0x0000000605c00000, 0x0000000605c00000| Untracked 
|  39|0x0000000605e00000, 0x0000000605e00000, 0x0000000606000000|  0%| F|  |TAMS 0x0000000605e00000, 0x0000000605e00000| Untracked 
|  40|0x0000000606000000, 0x0000000606000000, 0x0000000606200000|  0%| F|  |TAMS 0x0000000606000000, 0x0000000606000000| Untracked 
|  41|0x0000000606200000, 0x0000000606200000, 0x0000000606400000|  0%| F|  |TAMS 0x0000000606200000, 0x0000000606200000| Untracked 
|  42|0x0000000606400000, 0x0000000606400000, 0x0000000606600000|  0%| F|  |TAMS 0x0000000606400000, 0x0000000606400000| Untracked 
|  43|0x0000000606600000, 0x0000000606600000, 0x0000000606800000|  0%| F|  |TAMS 0x0000000606600000, 0x0000000606600000| Untracked 
|  44|0x0000000606800000, 0x0000000606800000, 0x0000000606a00000|  0%| F|  |TAMS 0x0000000606800000, 0x0000000606800000| Untracked 
|  45|0x0000000606a00000, 0x0000000606a00000, 0x0000000606c00000|  0%| F|  |TAMS 0x0000000606a00000, 0x0000000606a00000| Untracked 
|  46|0x0000000606c00000, 0x0000000606c00000, 0x0000000606e00000|  0%| F|  |TAMS 0x0000000606c00000, 0x0000000606c00000| Untracked 
|  47|0x0000000606e00000, 0x0000000606e00000, 0x0000000607000000|  0%| F|  |TAMS 0x0000000606e00000, 0x0000000606e00000| Untracked 
|  48|0x0000000607000000, 0x0000000607000000, 0x0000000607200000|  0%| F|  |TAMS 0x0000000607000000, 0x0000000607000000| Untracked 
|  49|0x0000000607200000, 0x0000000607200000, 0x0000000607400000|  0%| F|  |TAMS 0x0000000607200000, 0x0000000607200000| Untracked 
|  50|0x0000000607400000, 0x0000000607400000, 0x0000000607600000|  0%| F|  |TAMS 0x0000000607400000, 0x0000000607400000| Untracked 
|  51|0x0000000607600000, 0x0000000607600000, 0x0000000607800000|  0%| F|  |TAMS 0x0000000607600000, 0x0000000607600000| Untracked 
|  52|0x0000000607800000, 0x0000000607800000, 0x0000000607a00000|  0%| F|  |TAMS 0x0000000607800000, 0x0000000607800000| Untracked 
|  53|0x0000000607a00000, 0x0000000607a00000, 0x0000000607c00000|  0%| F|  |TAMS 0x0000000607a00000, 0x0000000607a00000| Untracked 
|  54|0x0000000607c00000, 0x0000000607c00000, 0x0000000607e00000|  0%| F|  |TAMS 0x0000000607c00000, 0x0000000607c00000| Untracked 
|  55|0x0000000607e00000, 0x0000000607e00000, 0x0000000608000000|  0%| F|  |TAMS 0x0000000607e00000, 0x0000000607e00000| Untracked 
|  56|0x0000000608000000, 0x0000000608000000, 0x0000000608200000|  0%| F|  |TAMS 0x0000000608000000, 0x0000000608000000| Untracked 
|  57|0x0000000608200000, 0x0000000608200000, 0x0000000608400000|  0%| F|  |TAMS 0x0000000608200000, 0x0000000608200000| Untracked 
|  58|0x0000000608400000, 0x0000000608400000, 0x0000000608600000|  0%| F|  |TAMS 0x0000000608400000, 0x0000000608400000| Untracked 
|  59|0x0000000608600000, 0x0000000608600000, 0x0000000608800000|  0%| F|  |TAMS 0x0000000608600000, 0x0000000608600000| Untracked 
|  60|0x0000000608800000, 0x0000000608800000, 0x0000000608a00000|  0%| F|  |TAMS 0x0000000608800000, 0x0000000608800000| Untracked 
|  61|0x0000000608a00000, 0x0000000608a00000, 0x0000000608c00000|  0%| F|  |TAMS 0x0000000608a00000, 0x0000000608a00000| Untracked 
|  62|0x0000000608c00000, 0x0000000608c00000, 0x0000000608e00000|  0%| F|  |TAMS 0x0000000608c00000, 0x0000000608c00000| Untracked 
|  63|0x0000000608e00000, 0x0000000608e00000, 0x0000000609000000|  0%| F|  |TAMS 0x0000000608e00000, 0x0000000608e00000| Untracked 
|  64|0x0000000609000000, 0x0000000609000000, 0x0000000609200000|  0%| F|  |TAMS 0x0000000609000000, 0x0000000609000000| Untracked 
|  65|0x0000000609200000, 0x0000000609200000, 0x0000000609400000|  0%| F|  |TAMS 0x0000000609200000, 0x0000000609200000| Untracked 
|  66|0x0000000609400000, 0x0000000609400000, 0x0000000609600000|  0%| F|  |TAMS 0x0000000609400000, 0x0000000609400000| Untracked 
|  67|0x0000000609600000, 0x0000000609600000, 0x0000000609800000|  0%| F|  |TAMS 0x0000000609600000, 0x0000000609600000| Untracked 
|  68|0x0000000609800000, 0x0000000609800000, 0x0000000609a00000|  0%| F|  |TAMS 0x0000000609800000, 0x0000000609800000| Untracked 
|  69|0x0000000609a00000, 0x0000000609a00000, 0x0000000609c00000|  0%| F|  |TAMS 0x0000000609a00000, 0x0000000609a00000| Untracked 
|  70|0x0000000609c00000, 0x0000000609c00000, 0x0000000609e00000|  0%| F|  |TAMS 0x0000000609c00000, 0x0000000609c00000| Untracked 
|  71|0x0000000609e00000, 0x0000000609e00000, 0x000000060a000000|  0%| F|  |TAMS 0x0000000609e00000, 0x0000000609e00000| Untracked 
|  72|0x000000060a000000, 0x000000060a000000, 0x000000060a200000|  0%| F|  |TAMS 0x000000060a000000, 0x000000060a000000| Untracked 
|  73|0x000000060a200000, 0x000000060a200000, 0x000000060a400000|  0%| F|  |TAMS 0x000000060a200000, 0x000000060a200000| Untracked 
|  74|0x000000060a400000, 0x000000060a400000, 0x000000060a600000|  0%| F|  |TAMS 0x000000060a400000, 0x000000060a400000| Untracked 
|  75|0x000000060a600000, 0x000000060a600000, 0x000000060a800000|  0%| F|  |TAMS 0x000000060a600000, 0x000000060a600000| Untracked 
|  76|0x000000060a800000, 0x000000060a800000, 0x000000060aa00000|  0%| F|  |TAMS 0x000000060a800000, 0x000000060a800000| Untracked 
|  77|0x000000060aa00000, 0x000000060aa00000, 0x000000060ac00000|  0%| F|  |TAMS 0x000000060aa00000, 0x000000060aa00000| Untracked 
|  78|0x000000060ac00000, 0x000000060ac00000, 0x000000060ae00000|  0%| F|  |TAMS 0x000000060ac00000, 0x000000060ac00000| Untracked 
|  79|0x000000060ae00000, 0x000000060ae00000, 0x000000060b000000|  0%| F|  |TAMS 0x000000060ae00000, 0x000000060ae00000| Untracked 
|  80|0x000000060b000000, 0x000000060b000000, 0x000000060b200000|  0%| F|  |TAMS 0x000000060b000000, 0x000000060b000000| Untracked 
|  81|0x000000060b200000, 0x000000060b200000, 0x000000060b400000|  0%| F|  |TAMS 0x000000060b200000, 0x000000060b200000| Untracked 
|  82|0x000000060b400000, 0x000000060b400000, 0x000000060b600000|  0%| F|  |TAMS 0x000000060b400000, 0x000000060b400000| Untracked 
|  83|0x000000060b600000, 0x000000060b600000, 0x000000060b800000|  0%| F|  |TAMS 0x000000060b600000, 0x000000060b600000| Untracked 
|  84|0x000000060b800000, 0x000000060b800000, 0x000000060ba00000|  0%| F|  |TAMS 0x000000060b800000, 0x000000060b800000| Untracked 
|  85|0x000000060ba00000, 0x000000060ba00000, 0x000000060bc00000|  0%| F|  |TAMS 0x000000060ba00000, 0x000000060ba00000| Untracked 
|  86|0x000000060bc00000, 0x000000060bc00000, 0x000000060be00000|  0%| F|  |TAMS 0x000000060bc00000, 0x000000060bc00000| Untracked 
|  87|0x000000060be00000, 0x000000060be00000, 0x000000060c000000|  0%| F|  |TAMS 0x000000060be00000, 0x000000060be00000| Untracked 
|  88|0x000000060c000000, 0x000000060c000000, 0x000000060c200000|  0%| F|  |TAMS 0x000000060c000000, 0x000000060c000000| Untracked 
|  89|0x000000060c200000, 0x000000060c200000, 0x000000060c400000|  0%| F|  |TAMS 0x000000060c200000, 0x000000060c200000| Untracked 
|  90|0x000000060c400000, 0x000000060c400000, 0x000000060c600000|  0%| F|  |TAMS 0x000000060c400000, 0x000000060c400000| Untracked 
|  91|0x000000060c600000, 0x000000060c600000, 0x000000060c800000|  0%| F|  |TAMS 0x000000060c600000, 0x000000060c600000| Untracked 
|  92|0x000000060c800000, 0x000000060c800000, 0x000000060ca00000|  0%| F|  |TAMS 0x000000060c800000, 0x000000060c800000| Untracked 
|  93|0x000000060ca00000, 0x000000060ca00000, 0x000000060cc00000|  0%| F|  |TAMS 0x000000060ca00000, 0x000000060ca00000| Untracked 
|  94|0x000000060cc00000, 0x000000060cc00000, 0x000000060ce00000|  0%| F|  |TAMS 0x000000060cc00000, 0x000000060cc00000| Untracked 
|  95|0x000000060ce00000, 0x000000060ce00000, 0x000000060d000000|  0%| F|  |TAMS 0x000000060ce00000, 0x000000060ce00000| Untracked 
|  96|0x000000060d000000, 0x000000060d000000, 0x000000060d200000|  0%| F|  |TAMS 0x000000060d000000, 0x000000060d000000| Untracked 
|  97|0x000000060d200000, 0x000000060d200000, 0x000000060d400000|  0%| F|  |TAMS 0x000000060d200000, 0x000000060d200000| Untracked 
|  98|0x000000060d400000, 0x000000060d400000, 0x000000060d600000|  0%| F|  |TAMS 0x000000060d400000, 0x000000060d400000| Untracked 
|  99|0x000000060d600000, 0x000000060d600000, 0x000000060d800000|  0%| F|  |TAMS 0x000000060d600000, 0x000000060d600000| Untracked 
| 100|0x000000060d800000, 0x000000060d800000, 0x000000060da00000|  0%| F|  |TAMS 0x000000060d800000, 0x000000060d800000| Untracked 
| 101|0x000000060da00000, 0x000000060da00000, 0x000000060dc00000|  0%| F|  |TAMS 0x000000060da00000, 0x000000060da00000| Untracked 
| 102|0x000000060dc00000, 0x000000060dc00000, 0x000000060de00000|  0%| F|  |TAMS 0x000000060dc00000, 0x000000060dc00000| Untracked 
| 103|0x000000060de00000, 0x000000060de00000, 0x000000060e000000|  0%| F|  |TAMS 0x000000060de00000, 0x000000060de00000| Untracked 
| 104|0x000000060e000000, 0x000000060e000000, 0x000000060e200000|  0%| F|  |TAMS 0x000000060e000000, 0x000000060e000000| Untracked 
| 105|0x000000060e200000, 0x000000060e200000, 0x000000060e400000|  0%| F|  |TAMS 0x000000060e200000, 0x000000060e200000| Untracked 
| 106|0x000000060e400000, 0x000000060e400000, 0x000000060e600000|  0%| F|  |TAMS 0x000000060e400000, 0x000000060e400000| Untracked 
| 107|0x000000060e600000, 0x000000060e600000, 0x000000060e800000|  0%| F|  |TAMS 0x000000060e600000, 0x000000060e600000| Untracked 
| 108|0x000000060e800000, 0x000000060e800000, 0x000000060ea00000|  0%| F|  |TAMS 0x000000060e800000, 0x000000060e800000| Untracked 
| 109|0x000000060ea00000, 0x000000060ea00000, 0x000000060ec00000|  0%| F|  |TAMS 0x000000060ea00000, 0x000000060ea00000| Untracked 
| 110|0x000000060ec00000, 0x000000060ec00000, 0x000000060ee00000|  0%| F|  |TAMS 0x000000060ec00000, 0x000000060ec00000| Untracked 
| 111|0x000000060ee00000, 0x000000060ee00000, 0x000000060f000000|  0%| F|  |TAMS 0x000000060ee00000, 0x000000060ee00000| Untracked 
| 112|0x000000060f000000, 0x000000060f000000, 0x000000060f200000|  0%| F|  |TAMS 0x000000060f000000, 0x000000060f000000| Untracked 
| 113|0x000000060f200000, 0x000000060f200000, 0x000000060f400000|  0%| F|  |TAMS 0x000000060f200000, 0x000000060f200000| Untracked 
| 114|0x000000060f400000, 0x000000060f400000, 0x000000060f600000|  0%| F|  |TAMS 0x000000060f400000, 0x000000060f400000| Untracked 
| 115|0x000000060f600000, 0x000000060f600000, 0x000000060f800000|  0%| F|  |TAMS 0x000000060f600000, 0x000000060f600000| Untracked 
| 116|0x000000060f800000, 0x000000060f800000, 0x000000060fa00000|  0%| F|  |TAMS 0x000000060f800000, 0x000000060f800000| Untracked 
| 117|0x000000060fa00000, 0x000000060fa00000, 0x000000060fc00000|  0%| F|  |TAMS 0x000000060fa00000, 0x000000060fa00000| Untracked 
| 118|0x000000060fc00000, 0x000000060fc00000, 0x000000060fe00000|  0%| F|  |TAMS 0x000000060fc00000, 0x000000060fc00000| Untracked 
| 119|0x000000060fe00000, 0x000000060fe00000, 0x0000000610000000|  0%| F|  |TAMS 0x000000060fe00000, 0x000000060fe00000| Untracked 
| 120|0x0000000610000000, 0x0000000610000000, 0x0000000610200000|  0%| F|  |TAMS 0x0000000610000000, 0x0000000610000000| Untracked 
| 121|0x0000000610200000, 0x0000000610200000, 0x0000000610400000|  0%| F|  |TAMS 0x0000000610200000, 0x0000000610200000| Untracked 
| 122|0x0000000610400000, 0x0000000610400000, 0x0000000610600000|  0%| F|  |TAMS 0x0000000610400000, 0x0000000610400000| Untracked 
| 123|0x0000000610600000, 0x0000000610600000, 0x0000000610800000|  0%| F|  |TAMS 0x0000000610600000, 0x0000000610600000| Untracked 
| 124|0x0000000610800000, 0x0000000610800000, 0x0000000610a00000|  0%| F|  |TAMS 0x0000000610800000, 0x0000000610800000| Untracked 
| 125|0x0000000610a00000, 0x0000000610a00000, 0x0000000610c00000|  0%| F|  |TAMS 0x0000000610a00000, 0x0000000610a00000| Untracked 
| 126|0x0000000610c00000, 0x0000000610c00000, 0x0000000610e00000|  0%| F|  |TAMS 0x0000000610c00000, 0x0000000610c00000| Untracked 
| 127|0x0000000610e00000, 0x0000000610e00000, 0x0000000611000000|  0%| F|  |TAMS 0x0000000610e00000, 0x0000000610e00000| Untracked 
| 128|0x0000000611000000, 0x0000000611000000, 0x0000000611200000|  0%| F|  |TAMS 0x0000000611000000, 0x0000000611000000| Untracked 
| 129|0x0000000611200000, 0x0000000611200000, 0x0000000611400000|  0%| F|  |TAMS 0x0000000611200000, 0x0000000611200000| Untracked 
| 130|0x0000000611400000, 0x0000000611400000, 0x0000000611600000|  0%| F|  |TAMS 0x0000000611400000, 0x0000000611400000| Untracked 
| 131|0x0000000611600000, 0x0000000611600000, 0x0000000611800000|  0%| F|  |TAMS 0x0000000611600000, 0x0000000611600000| Untracked 
| 132|0x0000000611800000, 0x0000000611800000, 0x0000000611a00000|  0%| F|  |TAMS 0x0000000611800000, 0x0000000611800000| Untracked 
| 133|0x0000000611a00000, 0x0000000611a00000, 0x0000000611c00000|  0%| F|  |TAMS 0x0000000611a00000, 0x0000000611a00000| Untracked 
| 134|0x0000000611c00000, 0x0000000611c00000, 0x0000000611e00000|  0%| F|  |TAMS 0x0000000611c00000, 0x0000000611c00000| Untracked 
| 135|0x0000000611e00000, 0x0000000611e00000, 0x0000000612000000|  0%| F|  |TAMS 0x0000000611e00000, 0x0000000611e00000| Untracked 
| 136|0x0000000612000000, 0x0000000612000000, 0x0000000612200000|  0%| F|  |TAMS 0x0000000612000000, 0x0000000612000000| Untracked 
| 137|0x0000000612200000, 0x0000000612200000, 0x0000000612400000|  0%| F|  |TAMS 0x0000000612200000, 0x0000000612200000| Untracked 
| 138|0x0000000612400000, 0x0000000612400000, 0x0000000612600000|  0%| F|  |TAMS 0x0000000612400000, 0x0000000612400000| Untracked 
| 139|0x0000000612600000, 0x0000000612600000, 0x0000000612800000|  0%| F|  |TAMS 0x0000000612600000, 0x0000000612600000| Untracked 
| 140|0x0000000612800000, 0x0000000612800000, 0x0000000612a00000|  0%| F|  |TAMS 0x0000000612800000, 0x0000000612800000| Untracked 
| 141|0x0000000612a00000, 0x0000000612a00000, 0x0000000612c00000|  0%| F|  |TAMS 0x0000000612a00000, 0x0000000612a00000| Untracked 
| 142|0x0000000612c00000, 0x0000000612c00000, 0x0000000612e00000|  0%| F|  |TAMS 0x0000000612c00000, 0x0000000612c00000| Untracked 
| 143|0x0000000612e00000, 0x0000000612e00000, 0x0000000613000000|  0%| F|  |TAMS 0x0000000612e00000, 0x0000000612e00000| Untracked 
| 144|0x0000000613000000, 0x0000000613000000, 0x0000000613200000|  0%| F|  |TAMS 0x0000000613000000, 0x0000000613000000| Untracked 
| 145|0x0000000613200000, 0x0000000613200000, 0x0000000613400000|  0%| F|  |TAMS 0x0000000613200000, 0x0000000613200000| Untracked 
| 146|0x0000000613400000, 0x0000000613400000, 0x0000000613600000|  0%| F|  |TAMS 0x0000000613400000, 0x0000000613400000| Untracked 
| 147|0x0000000613600000, 0x0000000613600000, 0x0000000613800000|  0%| F|  |TAMS 0x0000000613600000, 0x0000000613600000| Untracked 
| 148|0x0000000613800000, 0x0000000613800000, 0x0000000613a00000|  0%| F|  |TAMS 0x0000000613800000, 0x0000000613800000| Untracked 
| 149|0x0000000613a00000, 0x0000000613a00000, 0x0000000613c00000|  0%| F|  |TAMS 0x0000000613a00000, 0x0000000613a00000| Untracked 
| 150|0x0000000613c00000, 0x0000000613c00000, 0x0000000613e00000|  0%| F|  |TAMS 0x0000000613c00000, 0x0000000613c00000| Untracked 
| 151|0x0000000613e00000, 0x0000000613e00000, 0x0000000614000000|  0%| F|  |TAMS 0x0000000613e00000, 0x0000000613e00000| Untracked 
| 152|0x0000000614000000, 0x0000000614000000, 0x0000000614200000|  0%| F|  |TAMS 0x0000000614000000, 0x0000000614000000| Untracked 
| 153|0x0000000614200000, 0x0000000614200000, 0x0000000614400000|  0%| F|  |TAMS 0x0000000614200000, 0x0000000614200000| Untracked 
| 154|0x0000000614400000, 0x0000000614400000, 0x0000000614600000|  0%| F|  |TAMS 0x0000000614400000, 0x0000000614400000| Untracked 
| 155|0x0000000614600000, 0x0000000614600000, 0x0000000614800000|  0%| F|  |TAMS 0x0000000614600000, 0x0000000614600000| Untracked 
| 156|0x0000000614800000, 0x0000000614800000, 0x0000000614a00000|  0%| F|  |TAMS 0x0000000614800000, 0x0000000614800000| Untracked 
| 157|0x0000000614a00000, 0x0000000614a00000, 0x0000000614c00000|  0%| F|  |TAMS 0x0000000614a00000, 0x0000000614a00000| Untracked 
| 158|0x0000000614c00000, 0x0000000614c00000, 0x0000000614e00000|  0%| F|  |TAMS 0x0000000614c00000, 0x0000000614c00000| Untracked 
| 159|0x0000000614e00000, 0x0000000614e00000, 0x0000000615000000|  0%| F|  |TAMS 0x0000000614e00000, 0x0000000614e00000| Untracked 
| 160|0x0000000615000000, 0x0000000615000000, 0x0000000615200000|  0%| F|  |TAMS 0x0000000615000000, 0x0000000615000000| Untracked 
| 161|0x0000000615200000, 0x0000000615200000, 0x0000000615400000|  0%| F|  |TAMS 0x0000000615200000, 0x0000000615200000| Untracked 
| 162|0x0000000615400000, 0x0000000615400000, 0x0000000615600000|  0%| F|  |TAMS 0x0000000615400000, 0x0000000615400000| Untracked 
| 163|0x0000000615600000, 0x0000000615600000, 0x0000000615800000|  0%| F|  |TAMS 0x0000000615600000, 0x0000000615600000| Untracked 
| 164|0x0000000615800000, 0x0000000615800000, 0x0000000615a00000|  0%| F|  |TAMS 0x0000000615800000, 0x0000000615800000| Untracked 
| 165|0x0000000615a00000, 0x0000000615a00000, 0x0000000615c00000|  0%| F|  |TAMS 0x0000000615a00000, 0x0000000615a00000| Untracked 
| 166|0x0000000615c00000, 0x0000000615c00000, 0x0000000615e00000|  0%| F|  |TAMS 0x0000000615c00000, 0x0000000615c00000| Untracked 
| 167|0x0000000615e00000, 0x0000000615e00000, 0x0000000616000000|  0%| F|  |TAMS 0x0000000615e00000, 0x0000000615e00000| Untracked 
| 168|0x0000000616000000, 0x0000000616000000, 0x0000000616200000|  0%| F|  |TAMS 0x0000000616000000, 0x0000000616000000| Untracked 
| 169|0x0000000616200000, 0x0000000616200000, 0x0000000616400000|  0%| F|  |TAMS 0x0000000616200000, 0x0000000616200000| Untracked 
| 170|0x0000000616400000, 0x0000000616400000, 0x0000000616600000|  0%| F|  |TAMS 0x0000000616400000, 0x0000000616400000| Untracked 
| 171|0x0000000616600000, 0x0000000616600000, 0x0000000616800000|  0%| F|  |TAMS 0x0000000616600000, 0x0000000616600000| Untracked 
| 172|0x0000000616800000, 0x0000000616800000, 0x0000000616a00000|  0%| F|  |TAMS 0x0000000616800000, 0x0000000616800000| Untracked 
| 173|0x0000000616a00000, 0x0000000616a00000, 0x0000000616c00000|  0%| F|  |TAMS 0x0000000616a00000, 0x0000000616a00000| Untracked 
| 174|0x0000000616c00000, 0x0000000616c00000, 0x0000000616e00000|  0%| F|  |TAMS 0x0000000616c00000, 0x0000000616c00000| Untracked 
| 175|0x0000000616e00000, 0x0000000616e00000, 0x0000000617000000|  0%| F|  |TAMS 0x0000000616e00000, 0x0000000616e00000| Untracked 
| 176|0x0000000617000000, 0x0000000617000000, 0x0000000617200000|  0%| F|  |TAMS 0x0000000617000000, 0x0000000617000000| Untracked 
| 177|0x0000000617200000, 0x0000000617200000, 0x0000000617400000|  0%| F|  |TAMS 0x0000000617200000, 0x0000000617200000| Untracked 
| 178|0x0000000617400000, 0x0000000617400000, 0x0000000617600000|  0%| F|  |TAMS 0x0000000617400000, 0x0000000617400000| Untracked 
| 179|0x0000000617600000, 0x0000000617600000, 0x0000000617800000|  0%| F|  |TAMS 0x0000000617600000, 0x0000000617600000| Untracked 
| 180|0x0000000617800000, 0x0000000617800000, 0x0000000617a00000|  0%| F|  |TAMS 0x0000000617800000, 0x0000000617800000| Untracked 
| 181|0x0000000617a00000, 0x0000000617a00000, 0x0000000617c00000|  0%| F|  |TAMS 0x0000000617a00000, 0x0000000617a00000| Untracked 
| 182|0x0000000617c00000, 0x0000000617c00000, 0x0000000617e00000|  0%| F|  |TAMS 0x0000000617c00000, 0x0000000617c00000| Untracked 
| 183|0x0000000617e00000, 0x0000000617e00000, 0x0000000618000000|  0%| F|  |TAMS 0x0000000617e00000, 0x0000000617e00000| Untracked 
| 184|0x0000000618000000, 0x0000000618000000, 0x0000000618200000|  0%| F|  |TAMS 0x0000000618000000, 0x0000000618000000| Untracked 
| 185|0x0000000618200000, 0x0000000618200000, 0x0000000618400000|  0%| F|  |TAMS 0x0000000618200000, 0x0000000618200000| Untracked 
| 186|0x0000000618400000, 0x0000000618400000, 0x0000000618600000|  0%| F|  |TAMS 0x0000000618400000, 0x0000000618400000| Untracked 
| 187|0x0000000618600000, 0x0000000618600000, 0x0000000618800000|  0%| F|  |TAMS 0x0000000618600000, 0x0000000618600000| Untracked 
| 188|0x0000000618800000, 0x0000000618800000, 0x0000000618a00000|  0%| F|  |TAMS 0x0000000618800000, 0x0000000618800000| Untracked 
| 189|0x0000000618a00000, 0x0000000618a00000, 0x0000000618c00000|  0%| F|  |TAMS 0x0000000618a00000, 0x0000000618a00000| Untracked 
| 190|0x0000000618c00000, 0x0000000618c00000, 0x0000000618e00000|  0%| F|  |TAMS 0x0000000618c00000, 0x0000000618c00000| Untracked 
| 191|0x0000000618e00000, 0x0000000618e00000, 0x0000000619000000|  0%| F|  |TAMS 0x0000000618e00000, 0x0000000618e00000| Untracked 
| 192|0x0000000619000000, 0x0000000619000000, 0x0000000619200000|  0%| F|  |TAMS 0x0000000619000000, 0x0000000619000000| Untracked 
| 193|0x0000000619200000, 0x0000000619200000, 0x0000000619400000|  0%| F|  |TAMS 0x0000000619200000, 0x0000000619200000| Untracked 
| 194|0x0000000619400000, 0x0000000619400000, 0x0000000619600000|  0%| F|  |TAMS 0x0000000619400000, 0x0000000619400000| Untracked 
| 195|0x0000000619600000, 0x0000000619600000, 0x0000000619800000|  0%| F|  |TAMS 0x0000000619600000, 0x0000000619600000| Untracked 
| 196|0x0000000619800000, 0x0000000619800000, 0x0000000619a00000|  0%| F|  |TAMS 0x0000000619800000, 0x0000000619800000| Untracked 
| 197|0x0000000619a00000, 0x0000000619a00000, 0x0000000619c00000|  0%| F|  |TAMS 0x0000000619a00000, 0x0000000619a00000| Untracked 
| 198|0x0000000619c00000, 0x0000000619c00000, 0x0000000619e00000|  0%| F|  |TAMS 0x0000000619c00000, 0x0000000619c00000| Untracked 
| 199|0x0000000619e00000, 0x000000061a000000, 0x000000061a000000|100%| E|  |TAMS 0x0000000619e00000, 0x0000000619e00000| Complete 
| 200|0x000000061a000000, 0x000000061a200000, 0x000000061a200000|100%| E|CS|TAMS 0x000000061a000000, 0x000000061a000000| Complete 
| 201|0x000000061a200000, 0x000000061a400000, 0x000000061a400000|100%| E|CS|TAMS 0x000000061a200000, 0x000000061a200000| Complete 
| 202|0x000000061a400000, 0x000000061a600000, 0x000000061a600000|100%| E|CS|TAMS 0x000000061a400000, 0x000000061a400000| Complete 
| 203|0x000000061a600000, 0x000000061a800000, 0x000000061a800000|100%| E|CS|TAMS 0x000000061a600000, 0x000000061a600000| Complete 
| 204|0x000000061a800000, 0x000000061aa00000, 0x000000061aa00000|100%| E|CS|TAMS 0x000000061a800000, 0x000000061a800000| Complete 
| 205|0x000000061aa00000, 0x000000061ac00000, 0x000000061ac00000|100%| E|CS|TAMS 0x000000061aa00000, 0x000000061aa00000| Complete 
| 206|0x000000061ac00000, 0x000000061ae00000, 0x000000061ae00000|100%| E|CS|TAMS 0x000000061ac00000, 0x000000061ac00000| Complete 
| 207|0x000000061ae00000, 0x000000061b000000, 0x000000061b000000|100%| E|CS|TAMS 0x000000061ae00000, 0x000000061ae00000| Complete 
| 208|0x000000061b000000, 0x000000061b200000, 0x000000061b200000|100%| E|CS|TAMS 0x000000061b000000, 0x000000061b000000| Complete 
| 209|0x000000061b200000, 0x000000061b400000, 0x000000061b400000|100%| E|CS|TAMS 0x000000061b200000, 0x000000061b200000| Complete 
| 210|0x000000061b400000, 0x000000061b600000, 0x000000061b600000|100%| E|CS|TAMS 0x000000061b400000, 0x000000061b400000| Complete 
| 211|0x000000061b600000, 0x000000061b800000, 0x000000061b800000|100%| E|CS|TAMS 0x000000061b600000, 0x000000061b600000| Complete 
| 212|0x000000061b800000, 0x000000061ba00000, 0x000000061ba00000|100%| E|CS|TAMS 0x000000061b800000, 0x000000061b800000| Complete 
| 213|0x000000061ba00000, 0x000000061bc00000, 0x000000061bc00000|100%| E|CS|TAMS 0x000000061ba00000, 0x000000061ba00000| Complete 
| 214|0x000000061bc00000, 0x000000061be00000, 0x000000061be00000|100%| E|CS|TAMS 0x000000061bc00000, 0x000000061bc00000| Complete 
| 215|0x000000061be00000, 0x000000061c000000, 0x000000061c000000|100%| E|CS|TAMS 0x000000061be00000, 0x000000061be00000| Complete 
| 216|0x000000061c000000, 0x000000061c200000, 0x000000061c200000|100%| E|CS|TAMS 0x000000061c000000, 0x000000061c000000| Complete 
| 217|0x000000061c200000, 0x000000061c400000, 0x000000061c400000|100%| E|CS|TAMS 0x000000061c200000, 0x000000061c200000| Complete 
| 218|0x000000061c400000, 0x000000061c600000, 0x000000061c600000|100%| E|CS|TAMS 0x000000061c400000, 0x000000061c400000| Complete 
| 219|0x000000061c600000, 0x000000061c800000, 0x000000061c800000|100%| E|CS|TAMS 0x000000061c600000, 0x000000061c600000| Complete 
| 220|0x000000061c800000, 0x000000061ca00000, 0x000000061ca00000|100%| E|CS|TAMS 0x000000061c800000, 0x000000061c800000| Complete 
| 221|0x000000061ca00000, 0x000000061cc00000, 0x000000061cc00000|100%| E|CS|TAMS 0x000000061ca00000, 0x000000061ca00000| Complete 
| 222|0x000000061cc00000, 0x000000061ce00000, 0x000000061ce00000|100%| E|CS|TAMS 0x000000061cc00000, 0x000000061cc00000| Complete 
| 223|0x000000061ce00000, 0x000000061d000000, 0x000000061d000000|100%| E|CS|TAMS 0x000000061ce00000, 0x000000061ce00000| Complete 
| 224|0x000000061d000000, 0x000000061d200000, 0x000000061d200000|100%| E|CS|TAMS 0x000000061d000000, 0x000000061d000000| Complete 
| 225|0x000000061d200000, 0x000000061d400000, 0x000000061d400000|100%| E|CS|TAMS 0x000000061d200000, 0x000000061d200000| Complete 
| 226|0x000000061d400000, 0x000000061d600000, 0x000000061d600000|100%| E|CS|TAMS 0x000000061d400000, 0x000000061d400000| Complete 
| 227|0x000000061d600000, 0x000000061d800000, 0x000000061d800000|100%| E|CS|TAMS 0x000000061d600000, 0x000000061d600000| Complete 
| 228|0x000000061d800000, 0x000000061da00000, 0x000000061da00000|100%| E|CS|TAMS 0x000000061d800000, 0x000000061d800000| Complete 
| 229|0x000000061da00000, 0x000000061dc00000, 0x000000061dc00000|100%| E|CS|TAMS 0x000000061da00000, 0x000000061da00000| Complete 
| 230|0x000000061dc00000, 0x000000061de00000, 0x000000061de00000|100%| E|CS|TAMS 0x000000061dc00000, 0x000000061dc00000| Complete 
| 231|0x000000061de00000, 0x000000061e000000, 0x000000061e000000|100%| E|CS|TAMS 0x000000061de00000, 0x000000061de00000| Complete 
| 232|0x000000061e000000, 0x000000061e200000, 0x000000061e200000|100%| E|CS|TAMS 0x000000061e000000, 0x000000061e000000| Complete 
| 233|0x000000061e200000, 0x000000061e400000, 0x000000061e400000|100%| E|CS|TAMS 0x000000061e200000, 0x000000061e200000| Complete 
| 234|0x000000061e400000, 0x000000061e600000, 0x000000061e600000|100%| E|CS|TAMS 0x000000061e400000, 0x000000061e400000| Complete 
| 235|0x000000061e600000, 0x000000061e800000, 0x000000061e800000|100%| E|CS|TAMS 0x000000061e600000, 0x000000061e600000| Complete 
| 236|0x000000061e800000, 0x000000061ea00000, 0x000000061ea00000|100%| E|CS|TAMS 0x000000061e800000, 0x000000061e800000| Complete 
| 237|0x000000061ea00000, 0x000000061ebfda88, 0x000000061ec00000| 99%| S|CS|TAMS 0x000000061ea00000, 0x000000061ea00000| Complete 
| 238|0x000000061ec00000, 0x000000061ee00000, 0x000000061ee00000|100%| E|CS|TAMS 0x000000061ec00000, 0x000000061ec00000| Complete 
| 239|0x000000061ee00000, 0x000000061f000000, 0x000000061f000000|100%| E|CS|TAMS 0x000000061ee00000, 0x000000061ee00000| Complete 
| 240|0x000000061f000000, 0x000000061f200000, 0x000000061f200000|100%| E|CS|TAMS 0x000000061f000000, 0x000000061f000000| Complete 
| 241|0x000000061f200000, 0x000000061f400000, 0x000000061f400000|100%| E|CS|TAMS 0x000000061f200000, 0x000000061f200000| Complete 
| 242|0x000000061f400000, 0x000000061f600000, 0x000000061f600000|100%| E|CS|TAMS 0x000000061f400000, 0x000000061f400000| Complete 
| 243|0x000000061f600000, 0x000000061f800000, 0x000000061f800000|100%| E|CS|TAMS 0x000000061f600000, 0x000000061f600000| Complete 
| 244|0x000000061f800000, 0x000000061fa00000, 0x000000061fa00000|100%| E|CS|TAMS 0x000000061f800000, 0x000000061f800000| Complete 
| 245|0x000000061fa00000, 0x000000061fc00000, 0x000000061fc00000|100%| E|CS|TAMS 0x000000061fa00000, 0x000000061fa00000| Complete 
| 246|0x000000061fc00000, 0x000000061fe00000, 0x000000061fe00000|100%| E|CS|TAMS 0x000000061fc00000, 0x000000061fc00000| Complete 
| 247|0x000000061fe00000, 0x0000000620000000, 0x0000000620000000|100%| E|CS|TAMS 0x000000061fe00000, 0x000000061fe00000| Complete 
| 248|0x0000000620000000, 0x0000000620200000, 0x0000000620200000|100%| E|CS|TAMS 0x0000000620000000, 0x0000000620000000| Complete 
| 249|0x0000000620200000, 0x0000000620400000, 0x0000000620400000|100%| E|CS|TAMS 0x0000000620200000, 0x0000000620200000| Complete 
| 250|0x0000000620400000, 0x0000000620600000, 0x0000000620600000|100%| E|CS|TAMS 0x0000000620400000, 0x0000000620400000| Complete 
| 251|0x0000000620600000, 0x0000000620800000, 0x0000000620800000|100%| E|CS|TAMS 0x0000000620600000, 0x0000000620600000| Complete 
| 252|0x0000000620800000, 0x0000000620a00000, 0x0000000620a00000|100%| E|CS|TAMS 0x0000000620800000, 0x0000000620800000| Complete 
| 253|0x0000000620a00000, 0x0000000620c00000, 0x0000000620c00000|100%| E|CS|TAMS 0x0000000620a00000, 0x0000000620a00000| Complete 
| 254|0x0000000620c00000, 0x0000000620e00000, 0x0000000620e00000|100%| E|CS|TAMS 0x0000000620c00000, 0x0000000620c00000| Complete 
| 255|0x0000000620e00000, 0x0000000621000000, 0x0000000621000000|100%| E|CS|TAMS 0x0000000620e00000, 0x0000000620e00000| Complete 

Card table byte_map: [0x000002267cee0000,0x000002267dee0000] _byte_map_base: 0x0000022679ed8000

Marking Bits (Prev, Next): (CMBitMap*) 0x0000022673484a08, (CMBitMap*) 0x0000022673484a48
 Prev Bits: [0x000002260f000000, 0x0000022616fc0000)
 Next Bits: [0x0000022616fc0000, 0x000002261ef80000)

Polling page: 0x0000022671580000

Metaspace:

Usage:
  Non-class:      7.23 MB capacity,     7.10 MB ( 98%) used,   114.41 KB (  2%) free+waste,    20.38 KB ( <1%) overhead. 
      Class:      1.01 MB capacity,   892.52 KB ( 86%) used,   129.10 KB ( 12%) free+waste,    13.38 KB (  1%) overhead. 
       Both:      8.24 MB capacity,     7.97 MB ( 97%) used,   243.52 KB (  3%) free+waste,    33.75 KB ( <1%) overhead. 

Virtual space:
  Non-class space:        8.00 MB reserved,       7.25 MB ( 91%) committed 
      Class space:        1.00 GB reserved,       1.13 MB ( <1%) committed 
             Both:        1.01 GB reserved,       8.38 MB ( <1%) committed 

Chunk freelists:
   Non-Class:  18.00 KB
       Class:  21.00 KB
        Both:  39.00 KB

MaxMetaspaceSize: 17179869184.00 GB
CompressedClassSpaceSize: 1.00 GB

CodeHeap 'non-profiled nmethods': size=120000Kb used=656Kb max_used=656Kb free=119343Kb
 bounds [0x0000022607ad0000, 0x0000022607d40000, 0x000002260f000000]
CodeHeap 'profiled nmethods': size=120000Kb used=2293Kb max_used=2293Kb free=117706Kb
 bounds [0x00000226005a0000, 0x0000022600810000, 0x0000022607ad0000]
CodeHeap 'non-nmethods': size=5760Kb used=1271Kb max_used=1315Kb free=4489Kb
 bounds [0x0000022600000000, 0x0000022600270000, 0x00000226005a0000]
 total_blobs=2436 nmethods=1292 adapters=467
 compilation: enabled
              stopped_count=0, restarted_count=0
 full_count=0

Compilation events (20 events):
Event: 89.865 Thread 0x000002267fbcd000 1284       4       sun.awt.image.SunVolatileImage::getWidth (5 bytes)
Event: 89.865 Thread 0x000002267fbcd000 nmethod 1284 0x0000022607b6ad90 code [0x0000022607b6af00, 0x0000022607b6af78]
Event: 89.898 Thread 0x000002267fbcd000 1285       4       sun.awt.image.SunVolatileImage::createGraphics (27 bytes)
Event: 89.902 Thread 0x000002267fbcd000 nmethod 1285 0x0000022607b6b090 code [0x0000022607b6b300, 0x0000022607b6b810]
Event: 89.915 Thread 0x000002267fbcd000 1286   !   4       sun.java2d.d3d.D3DSurfaceData::swapBuffers (147 bytes)
Event: 89.921 Thread 0x000002267fbcd000 nmethod 1286 0x0000022607b6bc90 code [0x0000022607b6c000, 0x0000022607b6ce10]
Event: 89.965 Thread 0x000002267fbcd000 1287       4       sun.awt.image.SunVolatileImage::validate (9 bytes)
Event: 89.966 Thread 0x000002267fbcd000 nmethod 1287 0x0000022607b6d790 code [0x0000022607b6d980, 0x0000022607b6dc18]
Event: 89.998 Thread 0x000002267fbcd000 1288       4       java.awt.Component$FlipBufferStrategy::getDrawGraphics (12 bytes)
Event: 90.006 Thread 0x000002267fbcd000 nmethod 1288 0x0000022607b6de10 code [0x0000022607b6e200, 0x0000022607b6f0b0]
Event: 90.006 Thread 0x000002267fbcd000 1289       4       entities.creatures.Player::render (57 bytes)
Event: 90.010 Thread 0x000002267fbcd000 nmethod 1289 0x0000022607b6fa90 code [0x0000022607b6fe20, 0x0000022607b708e0]
Event: 92.132 Thread 0x000002267fbcd000 1290       4       states.GameState::render (17 bytes)
Event: 92.132 Thread 0x000002267fbcd000 nmethod 1290 0x0000022607b71290 code [0x0000022607b71440, 0x0000022607b71578]
Event: 92.132 Thread 0x000002267fbcd000 1291       4       java.awt.Component$FlipBufferStrategy::show (12 bytes)
Event: 92.136 Thread 0x000002267fbcd000 nmethod 1291 0x0000022607b71690 code [0x0000022607b719c0, 0x0000022607b72368]
Event: 102.782 Thread 0x000002267fbcd000 1292       4       pokemon.Game::render (92 bytes)
Event: 102.788 Thread 0x000002267fbcd000 nmethod 1292 0x0000022607b72a90 code [0x0000022607b72d00, 0x0000022607b73850]
Event: 102.832 Thread 0x000002267fbcd000 1293       4       sun.java2d.pipe.BufferedPaints::setPaint (125 bytes)
Event: 102.833 Thread 0x000002267fbcd000 nmethod 1293 0x0000022607b73c10 code [0x0000022607b73de0, 0x0000022607b73f78]

GC Heap History (4 events):
Event: 24.782 GC heap before
{Heap before GC invocations=0 (full 0):
 garbage-first heap   total 524288K, used 24576K [0x0000000601000000, 0x0000000800000000)
  region size 2048K, 12 young (24576K), 0 survivors (0K)
 Metaspace       used 8152K, capacity 8409K, committed 8448K, reserved 1056768K
  class space    used 890K, capacity 1003K, committed 1024K, reserved 1048576K
}
Event: 24.784 GC heap after
{Heap after GC invocations=1 (full 0):
 garbage-first heap   total 524288K, used 1930K [0x0000000601000000, 0x0000000800000000)
  region size 2048K, 1 young (2048K), 1 survivors (2048K)
 Metaspace       used 8152K, capacity 8409K, committed 8448K, reserved 1056768K
  class space    used 890K, capacity 1003K, committed 1024K, reserved 1048576K
}
Event: 77.365 GC heap before
{Heap before GC invocations=1 (full 0):
 garbage-first heap   total 524288K, used 36746K [0x0000000601000000, 0x0000000800000000)
  region size 2048K, 18 young (36864K), 1 survivors (2048K)
 Metaspace       used 8154K, capacity 8409K, committed 8448K, reserved 1056768K
  class space    used 890K, capacity 1003K, committed 1024K, reserved 1048576K
}
Event: 77.367 GC heap after
{Heap after GC invocations=2 (full 0):
 garbage-first heap   total 524288K, used 2038K [0x0000000601000000, 0x0000000800000000)
  region size 2048K, 1 young (2048K), 1 survivors (2048K)
 Metaspace       used 8154K, capacity 8409K, committed 8448K, reserved 1056768K
  class space    used 890K, capacity 1003K, committed 1024K, reserved 1048576K
}

Deoptimization events (20 events):
Event: 13.926 Thread 0x000002262a0b5800 Uncommon trap: trap_request=0xffffff45 fr.pc=0x0000022607b4ecb4 relative=0x0000000000003b74
Event: 13.926 Thread 0x000002262a0b5800 Uncommon trap: reason=unstable_if action=reinterpret pc=0x0000022607b4ecb4 method=java.awt.EventQueue.getPriority(Ljava/awt/AWTEvent;)I @ 71 c2
Event: 13.926 Thread 0x000002262a0b5800 DEOPT PACKING pc=0x0000022607b4ecb4 sp=0x000000ccf760ed40
Event: 13.926 Thread 0x000002262a0b5800 DEOPT UNPACKING pc=0x000002260004912f sp=0x000000ccf760ec10 mode 2
Event: 18.020 Thread 0x000002262a0b5800 Uncommon trap: trap_request=0xffffffde fr.pc=0x0000022607b57a4c relative=0x000000000000050c
Event: 18.020 Thread 0x000002262a0b5800 Uncommon trap: reason=class_check action=maybe_recompile pc=0x0000022607b57a4c method=java.awt.EventQueue.uncacheEQItem(Lsun/awt/EventQueueItem;)V @ 20 c2
Event: 18.020 Thread 0x000002262a0b5800 DEOPT PACKING pc=0x0000022607b57a4c sp=0x000000ccf760edf0
Event: 18.020 Thread 0x000002262a0b5800 DEOPT UNPACKING pc=0x000002260004912f sp=0x000000ccf760ed20 mode 2
Event: 18.020 Thread 0x000002262a0b5800 Uncommon trap: trap_request=0xffffffde fr.pc=0x0000022607b57a4c relative=0x000000000000050c
Event: 18.020 Thread 0x000002262a0b5800 Uncommon trap: reason=class_check action=maybe_recompile pc=0x0000022607b57a4c method=java.awt.EventQueue.uncacheEQItem(Lsun/awt/EventQueueItem;)V @ 20 c2
Event: 18.020 Thread 0x000002262a0b5800 DEOPT PACKING pc=0x0000022607b57a4c sp=0x000000ccf760edf0
Event: 18.020 Thread 0x000002262a0b5800 DEOPT UNPACKING pc=0x000002260004912f sp=0x000000ccf760ed20 mode 2
Event: 22.271 Thread 0x000002262a0b5800 Uncommon trap: trap_request=0xffffff45 fr.pc=0x0000022607b48d1c relative=0x000000000000025c
Event: 22.271 Thread 0x000002262a0b5800 Uncommon trap: reason=unstable_if action=reinterpret pc=0x0000022607b48d1c method=java.security.AccessControlContext.optimize()Ljava/security/AccessControlContext; @ 207 c2
Event: 22.271 Thread 0x000002262a0b5800 DEOPT PACKING pc=0x0000022607b48d1c sp=0x000000ccf760e870
Event: 22.271 Thread 0x000002262a0b5800 DEOPT UNPACKING pc=0x000002260004912f sp=0x000000ccf760e7d0 mode 2
Event: 249.548 Thread 0x000002267fe5f000 Uncommon trap: trap_request=0xffffff45 fr.pc=0x0000022607b6ebec relative=0x00000000000009ec
Event: 249.548 Thread 0x000002267fe5f000 Uncommon trap: reason=unstable_if action=reinterpret pc=0x0000022607b6ebec method=sun.awt.image.VolatileSurfaceManager.validate(Ljava/awt/GraphicsConfiguration;)I @ 90 c2
Event: 249.548 Thread 0x000002267fe5f000 DEOPT PACKING pc=0x0000022607b6ebec sp=0x000000ccf6fff060
Event: 249.548 Thread 0x000002267fe5f000 DEOPT UNPACKING pc=0x000002260004912f sp=0x000000ccf6ffeed8 mode 2

Classes unloaded (0 events):
No events

Classes redefined (0 events):
No events

Internal exceptions (20 events):
Event: 0.044 Thread 0x0000022673400800 Exception <a 'sun/nio/fs/WindowsException'{0x0000000620edc130}> (0x0000000620edc130) 
thrown [t:/workspace/open/src/hotspot/share/prims/jni.cpp, line 599]
Event: 0.044 Thread 0x0000022673400800 Exception <a 'sun/nio/fs/WindowsException'{0x0000000620edcf60}> (0x0000000620edcf60) 
thrown [t:/workspace/open/src/hotspot/share/prims/jni.cpp, line 599]
Event: 0.044 Thread 0x0000022673400800 Exception <a 'sun/nio/fs/WindowsException'{0x0000000620edd9f0}> (0x0000000620edd9f0) 
thrown [t:/workspace/open/src/hotspot/share/prims/jni.cpp, line 599]
Event: 0.044 Thread 0x0000022673400800 Exception <a 'sun/nio/fs/WindowsException'{0x0000000620ede480}> (0x0000000620ede480) 
thrown [t:/workspace/open/src/hotspot/share/prims/jni.cpp, line 599]
Event: 0.066 Thread 0x000002267fe5f000 Exception <a 'java/lang/ClassNotFoundException'{0x0000000620c925f0}: sun/awt/resources/spi/awtProvider> (0x0000000620c925f0) 
thrown [t:/workspace/open/src/hotspot/share/classfile/systemDictionary.cpp, line 226]
Event: 0.078 Thread 0x000002267fe5f000 Exception <a 'java/io/FileNotFoundException'{0x0000000620ce1918}> (0x0000000620ce1918) 
thrown [t:/workspace/open/src/hotspot/share/prims/jni.cpp, line 599]
Event: 0.082 Thread 0x000002267fe5f000 Exception <a 'java/io/FileNotFoundException'{0x0000000620d07ff8}> (0x0000000620d07ff8) 
thrown [t:/workspace/open/src/hotspot/share/prims/jni.cpp, line 599]
Event: 0.107 Thread 0x00000226219f3000 Exception <a 'java/lang/NoSuchMethodError'{0x0000000620d76128}: 'void java.lang.invoke.DirectMethodHandle$Holder.invokeSpecial(java.lang.Object, java.lang.Object)'> (0x0000000620d76128) 
thrown [t:/workspace/open/src/hotspot/share/interpreter/linkResolver.cpp, line 766]
Event: 0.250 Thread 0x000002267fe5f000 Exception <a 'java/lang/NoSuchMethodError'{0x0000000620a31e78}: 'java.lang.Object java.lang.invoke.DirectMethodHandle$Holder.invokeStatic(java.lang.Object, int, java.lang.Object, java.lang.Object, java.lang.Object, java.lang.Object)'> (0x0000000620a31e78) 
thrown [t:/workspace/open/src/hotspot/share/interpreter/linkResolver.cpp, line 766]
Event: 0.250 Thread 0x000002267fe5f000 Exception <a 'java/lang/NoSuchMethodError'{0x0000000620a38798}: 'java.lang.Object java.lang.invoke.DirectMethodHandle$Holder.invokeStatic(java.lang.Object, int, java.lang.Object, java.lang.Object, java.lang.Object)'> (0x0000000620a38798) 
thrown [t:/workspace/open/src/hotspot/share/interpreter/linkResolver.cpp, line 766]
Event: 0.250 Thread 0x000002267fe5f000 Exception <a 'java/lang/NoSuchMethodError'{0x0000000620a3bfe8}: 'java.lang.Object java.lang.invoke.DirectMethodHandle$Holder.invokeSpecial(java.lang.Object, java.lang.Object, int, java.lang.Object, java.lang.Object, java.lang.Object)'> (0x0000000620a3bfe8) 
thrown [t:/workspace/open/src/hotspot/share/interpreter/linkResolver.cpp, line 766]
Event: 0.252 Thread 0x000002267fe5f000 Exception <a 'java/lang/NoSuchMethodError'{0x0000000620a52390}: 'java.lang.Object java.lang.invoke.DirectMethodHandle$Holder.invokeStatic(java.lang.Object, int, java.lang.Object)'> (0x0000000620a52390) 
thrown [t:/workspace/open/src/hotspot/share/interpreter/linkResolver.cpp, line 766]
Event: 0.263 Thread 0x000002267fe5f000 Exception <a 'java/lang/ClassNotFoundException'{0x0000000620af5fd8}: com/sun/swing/internal/plaf/metal/resources/spi/metalProvider> (0x0000000620af5fd8) 
thrown [t:/workspace/open/src/hotspot/share/classfile/systemDictionary.cpp, line 226]
Event: 0.263 Thread 0x000002267fe5f000 Exception <a 'java/lang/ClassNotFoundException'{0x0000000620afa5f0}: com/sun/swing/internal/plaf/basic/resources/spi/basicProvider> (0x0000000620afa5f0) 
thrown [t:/workspace/open/src/hotspot/share/classfile/systemDictionary.cpp, line 226]
Event: 0.280 Thread 0x000002267fe5f000 Exception <a 'java/lang/NoSuchMethodError'{0x0000000620b380a8}: 'void java.lang.invoke.DirectMethodHandle$Holder.invokeStaticInit(java.lang.Object)'> (0x0000000620b380a8) 
thrown [t:/workspace/open/src/hotspot/share/interpreter/linkResolver.cpp, line 766]
Event: 0.295 Thread 0x000002267fe5f000 Exception <a 'java/lang/NoSuchMethodError'{0x00000006208099b0}: 'java.lang.Object java.lang.invoke.Invokers$Holder.linkToTargetMethod(java.lang.Object, int, java.lang.Object)'> (0x00000006208099b0) 
thrown [t:/workspace/open/src/hotspot/share/interpreter/linkResolver.cpp, line 766]
Event: 0.341 Thread 0x000002267fe5f000 Exception <a 'java/lang/NoSuchMethodError'{0x0000000620863638}: 'java.lang.Object java.lang.invoke.DirectMethodHandle$Holder.invokeStaticInit(java.lang.Object, int, int, int, int)'> (0x0000000620863638) 
thrown [t:/workspace/open/src/hotspot/share/interpreter/linkResolver.cpp, line 766]
Event: 0.363 Thread 0x000002267fe5f000 Exception <a 'java/lang/NoSuchMethodError'{0x000000062095a700}: 'java.lang.Object java.lang.invoke.DirectMethodHandle$Holder.invokeStaticInit(java.lang.Object, java.lang.Object, int, int, int, int)'> (0x000000062095a700) 
thrown [t:/workspace/open/src/hotspot/share/interpreter/linkResolver.cpp, line 766]
Event: 1.098 Thread 0x000002267fe5f000 Implicit null exception at 0x0000022607b1e3f1 to 0x0000022607b207b0
Event: 1.315 Thread 0x000002267fe5f000 Implicit null exception at 0x0000022607b1a75f to 0x0000022607b1bcdc

Events (20 events):
Event: 24.784 Executing VM operation: HandshakeOneThread
Event: 24.784 Executing VM operation: HandshakeOneThread done
Event: 24.784 Executing VM operation: HandshakeOneThread
Event: 24.784 Executing VM operation: HandshakeOneThread done
Event: 77.365 Executing VM operation: G1CollectForAllocation
Event: 77.367 Executing VM operation: G1CollectForAllocation done
Event: 249.533 Executing VM operation: HandshakeOneThread
Event: 249.533 Executing VM operation: HandshakeOneThread done
Event: 249.534 Thread 0x000002262a112800 Thread added: 0x000002262a112800
Event: 249.534 Thread 0x000002262a110000 Thread added: 0x000002262a110000
Event: 249.534 Thread 0x000002262a8d9800 Thread added: 0x000002262a8d9800
Event: 249.534 Thread 0x000002262a112800 Thread exited: 0x000002262a112800
Event: 249.534 Executing VM operation: HandshakeOneThread
Event: 249.534 Executing VM operation: HandshakeOneThread done
Event: 249.534 Thread 0x0000022621f6a800 Thread exited: 0x0000022621f6a800
Event: 249.535 loading class java/util/WeakHashMap$KeyIterator
Event: 249.535 loading class java/util/WeakHashMap$HashIterator
Event: 249.535 loading class java/util/WeakHashMap$HashIterator done
Event: 249.535 loading class java/util/WeakHashMap$KeyIterator done
Event: 249.535 Thread 0x000002262a8d9800 Thread exited: 0x000002262a8d9800


Dynamic libraries:
0x00007ff656b20000 - 0x00007ff656b2f000 	C:\Program Files\Java\jdk-14\bin\java.exe
0x00007ff9b0ff0000 - 0x00007ff9b11e5000 	C:\WINDOWS\SYSTEM32\ntdll.dll
0x00007ff977d00000 - 0x00007ff977d12000 	C:\Program Files\AVAST Software\Avast\aswhook.dll
0x00007ff9affd0000 - 0x00007ff9b008d000 	C:\WINDOWS\System32\KERNEL32.DLL
0x00007ff9ae790000 - 0x00007ff9aea59000 	C:\WINDOWS\System32\KERNELBASE.dll
0x00007ff9aec30000 - 0x00007ff9aed30000 	C:\WINDOWS\System32\ucrtbase.dll
0x00007ff9a36b0000 - 0x00007ff9a36c5000 	C:\Program Files\Java\jdk-14\bin\VCRUNTIME140.dll
0x00007ff9a7bb0000 - 0x00007ff9a7bc8000 	C:\Program Files\Java\jdk-14\bin\jli.dll
0x00007ff9af060000 - 0x00007ff9af10c000 	C:\WINDOWS\System32\ADVAPI32.dll
0x00007ff9afa70000 - 0x00007ff9afb0e000 	C:\WINDOWS\System32\msvcrt.dll
0x00007ff9afd40000 - 0x00007ff9afddc000 	C:\WINDOWS\System32\sechost.dll
0x00007ff9b0820000 - 0x00007ff9b094b000 	C:\WINDOWS\System32\RPCRT4.dll
0x00007ff9af460000 - 0x00007ff9af600000 	C:\WINDOWS\System32\USER32.dll
0x00007ff9aea60000 - 0x00007ff9aea82000 	C:\WINDOWS\System32\win32u.dll
0x00007ff999460000 - 0x00007ff9996fa000 	C:\WINDOWS\WinSxS\amd64_microsoft.windows.common-controls_6595b64144ccf1df_6.0.19041.844_none_ca00b6081b84eb1d\COMCTL32.dll
0x00007ff9b0a00000 - 0x00007ff9b0a2a000 	C:\WINDOWS\System32\GDI32.dll
0x00007ff9aef40000 - 0x00007ff9af04b000 	C:\WINDOWS\System32\gdi32full.dll
0x00007ff9aeae0000 - 0x00007ff9aeb7d000 	C:\WINDOWS\System32\msvcp_win.dll
0x00007ff9a7370000 - 0x00007ff9a737a000 	C:\WINDOWS\SYSTEM32\VERSION.dll
0x00007ff9b07f0000 - 0x00007ff9b0820000 	C:\WINDOWS\System32\IMM32.DLL
0x00007ff990450000 - 0x00007ff9904eb000 	C:\Program Files\Java\jdk-14\bin\msvcp140.dll
0x00007ff955ef0000 - 0x00007ff956a0f000 	C:\Program Files\Java\jdk-14\bin\server\jvm.dll
0x00007ff9b07e0000 - 0x00007ff9b07e8000 	C:\WINDOWS\System32\PSAPI.DLL
0x00007ff99d760000 - 0x00007ff99d787000 	C:\WINDOWS\SYSTEM32\WINMM.dll
0x00007ff997290000 - 0x00007ff997299000 	C:\WINDOWS\SYSTEM32\WSOCK32.dll
0x00007ff9b0df0000 - 0x00007ff9b0e5b000 	C:\WINDOWS\System32\WS2_32.dll
0x00007ff9ac6b0000 - 0x00007ff9ac6c2000 	C:\WINDOWS\SYSTEM32\kernel.appcore.dll
0x00007ff9aa340000 - 0x00007ff9aa34a000 	C:\Program Files\Java\jdk-14\bin\jimage.dll
0x00007ff9a4990000 - 0x00007ff9a4b74000 	C:\WINDOWS\SYSTEM32\DBGHELP.DLL
0x00007ff9a48f0000 - 0x00007ff9a491c000 	C:\WINDOWS\SYSTEM32\dbgcore.DLL
0x00007ff9aebb0000 - 0x00007ff9aec30000 	C:\WINDOWS\System32\bcryptPrimitives.dll
0x00007ff9a2e00000 - 0x00007ff9a2e25000 	C:\Program Files\Java\jdk-14\bin\java.dll
0x00007ff9a3040000 - 0x00007ff9a3057000 	C:\Program Files\Java\jdk-14\bin\zip.dll
0x00007ff9b0090000 - 0x00007ff9b07d2000 	C:\WINDOWS\System32\SHELL32.dll
0x00007ff9ac8b0000 - 0x00007ff9ad040000 	C:\WINDOWS\SYSTEM32\windows.storage.dll
0x00007ff9b0a90000 - 0x00007ff9b0de5000 	C:\WINDOWS\System32\combase.dll
0x00007ff9ae1a0000 - 0x00007ff9ae1cc000 	C:\WINDOWS\SYSTEM32\Wldp.dll
0x00007ff9b0950000 - 0x00007ff9b09fe000 	C:\WINDOWS\System32\SHCORE.dll
0x00007ff9af110000 - 0x00007ff9af165000 	C:\WINDOWS\System32\shlwapi.dll
0x00007ff9ae670000 - 0x00007ff9ae68f000 	C:\WINDOWS\SYSTEM32\profapi.dll
0x00007ff9a2790000 - 0x00007ff9a27a9000 	C:\Program Files\Java\jdk-14\bin\net.dll
0x00007ff9a8f00000 - 0x00007ff9a900c000 	C:\WINDOWS\SYSTEM32\WINHTTP.dll
0x00007ff9adf20000 - 0x00007ff9adf8a000 	C:\WINDOWS\system32\mswsock.dll
0x00007ff9a2770000 - 0x00007ff9a2782000 	C:\Program Files\Java\jdk-14\bin\nio.dll
0x00007ff95bed0000 - 0x00007ff95c068000 	C:\Program Files\Java\jdk-14\bin\awt.dll
0x00007ff9b0e60000 - 0x00007ff9b0f2d000 	C:\WINDOWS\System32\OLEAUT32.dll
0x00007ff9ac020000 - 0x00007ff9ac0b0000 	C:\WINDOWS\SYSTEM32\apphelp.dll
0x00007ff9ac3c0000 - 0x00007ff9ac3ef000 	C:\WINDOWS\system32\DWMAPI.DLL
0x00007ff9ac150000 - 0x00007ff9ac1ee000 	C:\WINDOWS\system32\uxtheme.dll
0x00007ff95d280000 - 0x00007ff95d3a6000 	C:\WINDOWS\system32\opengl32.dll
0x00007ff9a1110000 - 0x00007ff9a113c000 	C:\WINDOWS\SYSTEM32\GLU32.dll
0x00007ff9af170000 - 0x00007ff9af285000 	C:\WINDOWS\System32\MSCTF.dll
0x00007ff9afea0000 - 0x00007ff9affca000 	C:\WINDOWS\System32\ole32.dll
0x00007ff9ae320000 - 0x00007ff9ae332000 	C:\WINDOWS\SYSTEM32\msasn1.dll
0x00007ff9a70a0000 - 0x00007ff9a70d1000 	C:\WINDOWS\SYSTEM32\cryptnet.dll
0x00007ff9aede0000 - 0x00007ff9aef3f000 	C:\WINDOWS\System32\CRYPT32.dll
0x00007ff9ae110000 - 0x00007ff9ae11c000 	C:\WINDOWS\SYSTEM32\cryptbase.dll
0x00007ff9ae730000 - 0x00007ff9ae790000 	C:\WINDOWS\System32\WINTRUST.DLL
0x00007ff9afb10000 - 0x00007ff9afb2d000 	C:\WINDOWS\System32\imagehlp.dll
0x00007ff9ae0f0000 - 0x00007ff9ae108000 	C:\WINDOWS\SYSTEM32\CRYPTSP.dll
0x00007ff9ad850000 - 0x00007ff9ad884000 	C:\WINDOWS\system32\rsaenh.dll
0x00007ff9aeb80000 - 0x00007ff9aeba7000 	C:\WINDOWS\System32\bcrypt.dll
0x00007ff97a1f0000 - 0x00007ff97a4a9000 	C:\WINDOWS\system32\nvspcap64.dll
0x00007ff9ad480000 - 0x00007ff9ad4b3000 	C:\WINDOWS\SYSTEM32\ntmarta.dll
0x00007ff9ad050000 - 0x00007ff9ad073000 	C:\WINDOWS\SYSTEM32\gpapi.dll
0x00007ff9a4de0000 - 0x00007ff9a4e1b000 	C:\WINDOWS\SYSTEM32\dxcore.dll
0x00007ff9aea90000 - 0x00007ff9aeade000 	C:\WINDOWS\System32\cfgmgr32.dll
0x00007ff98d370000 - 0x00007ff98d3f2000 	C:\Program Files\Java\jdk-14\bin\freetype.dll
0x00007ff983e70000 - 0x00007ff983f16000 	C:\Program Files\Java\jdk-14\bin\fontmanager.dll
0x00007ff9a3b20000 - 0x00007ff9a3c1b000 	C:\WINDOWS\SYSTEM32\textinputframework.dll
0x00007ff9abdf0000 - 0x00007ff9abee2000 	C:\WINDOWS\System32\CoreMessaging.dll
0x00007ff9ab9b0000 - 0x00007ff9abd0e000 	C:\WINDOWS\System32\CoreUIComponents.dll
0x00007ff9ab2e0000 - 0x00007ff9ab434000 	C:\WINDOWS\SYSTEM32\wintypes.dll
0x00007ff9ae630000 - 0x00007ff9ae65e000 	C:\WINDOWS\SYSTEM32\USERENV.dll
0x00007ff9adbc0000 - 0x00007ff9adbfb000 	C:\WINDOWS\SYSTEM32\IPHLPAPI.DLL
0x00007ff9af050000 - 0x00007ff9af058000 	C:\WINDOWS\System32\NSI.dll
0x00007ff9a75f0000 - 0x00007ff9a7607000 	C:\WINDOWS\SYSTEM32\dhcpcsvc6.DLL
0x00007ff9a75d0000 - 0x00007ff9a75ed000 	C:\WINDOWS\SYSTEM32\dhcpcsvc.DLL
0x00007ff9adc00000 - 0x00007ff9adccb000 	C:\WINDOWS\SYSTEM32\DNSAPI.dll

dbghelp: loaded successfully - version: 4.0.5 - missing functions: none
symbol engine: initialized successfully - sym options: 0x614 - pdb path: .;C:\Program Files\Java\jdk-14\bin;C:\WINDOWS\SYSTEM32;C:\Program Files\AVAST Software\Avast;C:\WINDOWS\WinSxS\amd64_microsoft.windows.common-controls_6595b64144ccf1df_6.0.19041.844_none_ca00b6081b84eb1d;C:\Program Files\Java\jdk-14\bin\server;C:\WINDOWS\System32\DriverStore\FileRepository\nvmdi.inf_amd64_476eb193c68d7762

VM Arguments:
jvm_args: -Dfile.encoding=UTF-8 --module-path=D:\Projektordner Netbeans,Cisco, ect\Netbeans\Pokemom\build\classes 
java_command: pokemon.Launcher
java_class_path (initial): D:\Projektordner Netbeans,Cisco, ect\Netbeans\Pokemom\build\classes
Launcher Type: SUN_STANDARD

[Global flags]
     intx CICompilerCount                          = 4                                         {product} {ergonomic}
     uint ConcGCThreads                            = 2                                         {product} {ergonomic}
     uint G1ConcRefinementThreads                  = 8                                         {product} {ergonomic}
   size_t G1HeapRegionSize                         = 2097152                                   {product} {ergonomic}
    uintx GCDrainStackTargetSize                   = 64                                        {product} {ergonomic}
   size_t InitialHeapSize                          = 536870912                                 {product} {ergonomic}
   size_t MarkStackSize                            = 4194304                                   {product} {ergonomic}
   size_t MaxHeapSize                              = 8573157376                                {product} {ergonomic}
   size_t MaxNewSize                               = 5142216704                                {product} {ergonomic}
   size_t MinHeapDeltaBytes                        = 2097152                                   {product} {ergonomic}
   size_t MinHeapSize                              = 8388608                                   {product} {ergonomic}
    uintx NonNMethodCodeHeapSize                   = 5839372                                {pd product} {ergonomic}
    uintx NonProfiledCodeHeapSize                  = 122909434                              {pd product} {ergonomic}
    uintx ProfiledCodeHeapSize                     = 122909434                              {pd product} {ergonomic}
    uintx ReservedCodeCacheSize                    = 251658240                              {pd product} {ergonomic}
     bool SegmentedCodeCache                       = true                                      {product} {ergonomic}
   size_t SoftMaxHeapSize                          = 8573157376                             {manageable} {ergonomic}
     bool UseCompressedClassPointers               = true                                 {lp64_product} {ergonomic}
     bool UseCompressedOops                        = true                                 {lp64_product} {ergonomic}
     bool UseG1GC                                  = true                                      {product} {ergonomic}
     bool UseLargePagesIndividualAllocation        = false                                  {pd product} {ergonomic}

Logging:
Log output configuration:
 #0: stdout all=warning uptime,level,tags
 #1: stderr all=off uptime,level,tags

Environment Variables:
JAVA_HOME=C:\Program Files\Java\jre1.8.0_271
PATH=C:\ProgramData\Oracle\Java\javapath;C:\Program Files (x86)\Common Files\Oracle\Java\javapath;C:\Windows\system32;C:\Windows;C:\Windows\System32\Wbem;C:\Windows\System32\WindowsPowerShell\v1.0\;C:\Windows\System32\OpenSSH\;C:\Program Files (x86)\NVIDIA Corporation\PhysX\Common;C:\Program Files\NVIDIA Corporation\NVIDIA NvDLISR;C:\WINDOWS\system32;C:\WINDOWS;C:\WINDOWS\System32\Wbem;C:\WINDOWS\System32\WindowsPowerShell\v1.0\;C:\WINDOWS\System32\OpenSSH\;C:\Users\Brehm\AppData\Local\Microsoft\WindowsApps;C:\Program Files\Java\jdk1.8.0_271\bin;C:\Program Files\Java\jre1.8.0_271\bin;C:\Users\Brehm\AppData\Local\GitHubDesktop\bin
USERNAME=Brehm
OS=Windows_NT
PROCESSOR_IDENTIFIER=Intel64 Family 6 Model 158 Stepping 13, GenuineIntel



---------------  S Y S T E M  ---------------

OS: Windows 10 , 64 bit Build 19041 (10.0.19041.804)
OS uptime: 9 days 19:24 hours

CPU:total 8 (initial active 8) (8 cores per cpu, 1 threads per core) family 6 model 158 stepping 13, cmov, cx8, fxsr, mmx, sse, sse2, sse3, ssse3, sse4.1, sse4.2, popcnt, avx, avx2, aes, clmul, erms, 3dnowpref, lzcnt, tsc, tscinvbit, bmi1, bmi2, adx, fma

Memory: 4k page, system-wide physical 32702M (23738M free)
TotalPageFile size 65470M (AvailPageFile size 52826M)
current process WorkingSet (physical memory assigned to process): 171M, peak: 184M
current process commit charge ("private bytes"): 657M, peak: 682M

vm_info: Java HotSpot(TM) 64-Bit Server VM (14+36-1461) for windows-amd64 JRE (14+36-1461), built on Feb  6 2020 19:08:04 by "mach5one" with MS VC++ 15.9 (VS2017)

END.
